<?xml version="1.0" encoding="UTF-8"?>
<!-- Generated by org.testng.reporters.JUnitXMLReporter -->
<testsuite ignored="0" hostname="LAPTOP-E71HV51S" failures="1" tests="5" name="api code execution and report generation" time="6.542" errors="0" timestamp="2023-11-10T11:15:52 IST">
  <testcase classname="org.example.ApiAutomation" name="createRequestTest" time="1.313"/>
  <testcase classname="org.example.ApiAutomation" name="updateRequestTest" time="1.371"/>
  <testcase classname="org.example.ApiAutomation" name="deleteRequestTest" time="1.185"/>
  <testcase classname="org.example.ApiAutomation" name="fetchUserRequestTest" time="1.329"/>
  <testcase classname="org.example.ApiAutomation" name="createRequestFailure" time="1.334">
    <failure type="java.lang.AssertionError" message="expected [wrong name return] but found [morpheus]">
      <![CDATA[java.lang.AssertionError: expected [wrong name return] but found [morpheus]
at org.example.ApiAutomation.createRequestFailure(ApiAutomation.java:80)
at java.base/java.util.ArrayList.forEach(ArrayList.java:1511)
at java.base/java.util.concurrent.FutureTask.run(FutureTask.java:264)
at java.base/java.util.concurrent.ThreadPoolExecutor.runWorker(ThreadPoolExecutor.java:1136)
at java.base/java.util.concurrent.ThreadPoolExecutor$Worker.run(ThreadPoolExecutor.java:635)
at java.base/java.lang.Thread.run(Thread.java:833)
... Removed 24 stack frames]]>
    </failure>
  </testcase> <!-- createRequestFailure -->
</testsuite> <!-- api code execution and report generation -->
