<?xml version="1.0" encoding="UTF-8"?>
<testng-results ignored="0" total="5" passed="4" failed="1" skipped="0">
  <reporter-output>
  </reporter-output>
  <suite started-at="2023-11-10T11:15:46 IST" name="All Test Suite" finished-at="2023-11-10T11:15:52 IST" duration-ms="6542">
    <groups>
    </groups>
    <test started-at="2023-11-10T11:15:46 IST" name="api code execution and report generation" finished-at="2023-11-10T11:15:52 IST" duration-ms="6542">
      <class name="org.example.ApiAutomation">
        <test-method is-config="true" signature="setup()[pri:0, instance:org.example.ApiAutomation@1e9870d1]" started-at="2023-11-10T11:15:46 IST" name="setup" finished-at="2023-11-10T11:15:46 IST" duration-ms="1" status="PASS">
          <reporter-output>
          </reporter-output>
        </test-method> <!-- setup -->
        <test-method signature="createRequestTest()[pri:1, instance:org.example.ApiAutomation@1e9870d1]" started-at="2023-11-10T11:15:46 IST" name="createRequestTest" finished-at="2023-11-10T11:15:47 IST" duration-ms="1313" status="PASS">
          <reporter-output>
          </reporter-output>
        </test-method> <!-- createRequestTest -->
        <test-method signature="updateRequestTest()[pri:2, instance:org.example.ApiAutomation@1e9870d1]" started-at="2023-11-10T11:15:47 IST" name="updateRequestTest" finished-at="2023-11-10T11:15:48 IST" duration-ms="1371" status="PASS">
          <reporter-output>
          </reporter-output>
        </test-method> <!-- updateRequestTest -->
        <test-method signature="deleteRequestTest()[pri:3, instance:org.example.ApiAutomation@1e9870d1]" started-at="2023-11-10T11:15:48 IST" name="deleteRequestTest" finished-at="2023-11-10T11:15:49 IST" duration-ms="1185" status="PASS">
          <reporter-output>
          </reporter-output>
        </test-method> <!-- deleteRequestTest -->
        <test-method signature="fetchUserRequestTest()[pri:4, instance:org.example.ApiAutomation@1e9870d1]" started-at="2023-11-10T11:15:49 IST" name="fetchUserRequestTest" finished-at="2023-11-10T11:15:51 IST" duration-ms="1329" status="PASS">
          <reporter-output>
          </reporter-output>
        </test-method> <!-- fetchUserRequestTest -->
        <test-method signature="createRequestFailure()[pri:5, instance:org.example.ApiAutomation@1e9870d1]" started-at="2023-11-10T11:15:51 IST" name="createRequestFailure" finished-at="2023-11-10T11:15:52 IST" duration-ms="1334" status="FAIL">
          <exception class="java.lang.AssertionError">
            <message>
              <![CDATA[expected [wrong name return] but found [morpheus]]]>
            </message>
            <full-stacktrace>
              <![CDATA[java.lang.AssertionError: expected [wrong name return] but found [morpheus]
at org.testng.Assert.fail(Assert.java:99)
at org.testng.Assert.failNotEquals(Assert.java:1037)
at org.testng.Assert.assertEqualsImpl(Assert.java:140)
at org.testng.Assert.assertEquals(Assert.java:122)
at org.testng.Assert.assertEquals(Assert.java:629)
at org.testng.Assert.assertEquals(Assert.java:639)
at org.example.ApiAutomation.createRequestFailure(ApiAutomation.java:80)
at java.base/jdk.internal.reflect.NativeMethodAccessorImpl.invoke0(Native Method)
at java.base/jdk.internal.reflect.NativeMethodAccessorImpl.invoke(NativeMethodAccessorImpl.java:77)
at java.base/jdk.internal.reflect.DelegatingMethodAccessorImpl.invoke(DelegatingMethodAccessorImpl.java:43)
at java.base/java.lang.reflect.Method.invoke(Method.java:568)
at org.testng.internal.MethodInvocationHelper.invokeMethod(MethodInvocationHelper.java:133)
at org.testng.internal.TestInvoker.invokeMethod(TestInvoker.java:598)
at org.testng.internal.TestInvoker.invokeTestMethod(TestInvoker.java:173)
at org.testng.internal.MethodRunner.runInSequence(MethodRunner.java:46)
at org.testng.internal.TestInvoker$MethodInvocationAgent.invoke(TestInvoker.java:824)
at org.testng.internal.TestInvoker.invokeTestMethods(TestInvoker.java:146)
at org.testng.internal.TestMethodWorker.invokeTestMethods(TestMethodWorker.java:146)
at org.testng.internal.TestMethodWorker.run(TestMethodWorker.java:128)
at java.base/java.util.ArrayList.forEach(ArrayList.java:1511)
at org.testng.TestRunner.privateRun(TestRunner.java:794)
at org.testng.TestRunner.run(TestRunner.java:596)
at org.testng.SuiteRunner.runTest(SuiteRunner.java:377)
at org.testng.SuiteRunner.access$000(SuiteRunner.java:28)
at org.testng.SuiteRunner$SuiteWorker.run(SuiteRunner.java:418)
at org.testng.internal.thread.ThreadUtil.lambda$execute$0(ThreadUtil.java:64)
at java.base/java.util.concurrent.FutureTask.run(FutureTask.java:264)
at java.base/java.util.concurrent.ThreadPoolExecutor.runWorker(ThreadPoolExecutor.java:1136)
at java.base/java.util.concurrent.ThreadPoolExecutor$Worker.run(ThreadPoolExecutor.java:635)
at java.base/java.lang.Thread.run(Thread.java:833)
]]>
            </full-stacktrace>
          </exception> <!-- java.lang.AssertionError -->
          <reporter-output>
          </reporter-output>
        </test-method> <!-- createRequestFailure -->
      </class> <!-- org.example.ApiAutomation -->
    </test> <!-- api code execution and report generation -->
  </suite> <!-- All Test Suite -->
</testng-results>
